<?xml version="1.0" encoding="UTF-8"?>
<testng-results ignored="0" total="2" passed="1" failed="1" skipped="0">
  <reporter-output>
    <line>
      <![CDATA[About to begin executing Class Single_Test]]>
    </line>
    <line>
      <![CDATA[Testcase SendValidNumber_Test01 started successfully]]>
    </line>
    <line>
      <![CDATA[Testcase SendValidNumber_Test01 passed successfully]]>
    </line>
    <line>
      <![CDATA[Testcase SendINValidNumber_Test02 started successfully]]>
    </line>
    <line>
      <![CDATA[Testcase SendINValidNumber_Test02 failed]]>
    </line>
  </reporter-output>
  <suite started-at="2022-04-14T22:32:30 IST" name="Testingbaba" finished-at="2022-04-14T22:32:58 IST" duration-ms="27818">
    <groups>
    </groups>
    <test started-at="2022-04-14T22:32:30 IST" name="Single_Test" finished-at="2022-04-14T22:32:58 IST" duration-ms="27818">
      <class name="makemytrip.Makemytrip_launch_test">
        <test-method is-config="true" signature="launchFB(java.lang.String)[pri:0, instance:makemytrip.Makemytrip_launch_test@12dae582]" started-at="2022-04-14T22:32:30 IST" name="launchFB" finished-at="2022-04-14T22:32:44 IST" duration-ms="13870" status="PASS">
          <params>
            <param index="0">
              <value>
                <![CDATA[chrome]]>
              </value>
            </param>
          </params>
          <reporter-output>
          </reporter-output>
        </test-method> <!-- launchFB -->
        <test-method signature="SendValidNumber_Test01()[pri:0, instance:makemytrip.Makemytrip_launch_test@12dae582]" started-at="2022-04-14T22:32:44 IST" name="SendValidNumber_Test01" finished-at="2022-04-14T22:32:50 IST" duration-ms="5592" status="PASS">
          <reporter-output>
            <line>
              <![CDATA[Testcase SendValidNumber_Test01 started successfully]]>
            </line>
            <line>
              <![CDATA[Testcase SendValidNumber_Test01 passed successfully]]>
            </line>
          </reporter-output>
        </test-method> <!-- SendValidNumber_Test01 -->
        <test-method is-config="true" signature="analysis(org.testng.ITestResult)[pri:0, instance:makemytrip.Makemytrip_launch_test@12dae582]" started-at="2022-04-14T22:32:50 IST" name="analysis" finished-at="2022-04-14T22:32:50 IST" duration-ms="1" status="PASS">
          <params>
            <param index="0">
              <value>
                <![CDATA[[TestResult name=SendValidNumber_Test01 status=SUCCESS method=Makemytrip_launch_test.SendValidNumber_Test01()[pri:0, instance:makemytrip.Makemytrip_launch_test@12dae582] output=Testcase SendValidNumber_Test01 started successfully]]]>
              </value>
            </param>
          </params>
          <reporter-output>
          </reporter-output>
        </test-method> <!-- analysis -->
        <test-method signature="SendINValidNumber_Test02()[pri:1, instance:makemytrip.Makemytrip_launch_test@12dae582]" started-at="2022-04-14T22:32:50 IST" name="SendINValidNumber_Test02" finished-at="2022-04-14T22:32:56 IST" duration-ms="6552" status="FAIL">
          <exception class="org.openqa.selenium.WebDriverException">
            <message>
              <![CDATA[target frame detached
  (Session info: chrome=100.0.4896.88)
Build info: version: '4.1.2', revision: '9a5a329c5a'
System info: host: 'DESKTOP-493EAAE', ip: '192.168.1.2', os.name: 'Windows 10', os.arch: 'amd64', os.version: '10.0', java.version: '11.0.12'
Driver info: org.openqa.selenium.chrome.ChromeDriver
Command: [fa2d4c5e7c5d4ed1429f15a289371988, findElement {using=xpath, value=//input[contains(@placeholder,'Enter Mobile number')]}]
Capabilities {acceptInsecureCerts: false, browserName: chrome, browserVersion: 100.0.4896.88, chrome: {chromedriverVersion: 100.0.4896.60 (6a5d10861ce8..., userDataDir: C:\WINDOWS\TEMP\scoped_dir1...}, goog:chromeOptions: {debuggerAddress: localhost:53117}, javascriptEnabled: true, networkConnectionEnabled: false, pageLoadStrategy: normal, platform: WINDOWS, platformName: WINDOWS, proxy: Proxy(), se:cdp: ws://localhost:53117/devtoo..., se:cdpVersion: 100.0.4896.88, setWindowRect: true, strictFileInteractability: false, timeouts: {implicit: 0, pageLoad: 300000, script: 30000}, unhandledPromptBehavior: dismiss and notify, webauthn:extension:credBlob: true, webauthn:extension:largeBlob: true, webauthn:virtualAuthenticators: true}
Session ID: fa2d4c5e7c5d4ed1429f15a289371988]]>
            </message>
            <full-stacktrace>
              <![CDATA[org.openqa.selenium.WebDriverException: target frame detached
  (Session info: chrome=100.0.4896.88)
Build info: version: '4.1.2', revision: '9a5a329c5a'
System info: host: 'DESKTOP-493EAAE', ip: '192.168.1.2', os.name: 'Windows 10', os.arch: 'amd64', os.version: '10.0', java.version: '11.0.12'
Driver info: org.openqa.selenium.chrome.ChromeDriver
Command: [fa2d4c5e7c5d4ed1429f15a289371988, findElement {using=xpath, value=//input[contains(@placeholder,'Enter Mobile number')]}]
Capabilities {acceptInsecureCerts: false, browserName: chrome, browserVersion: 100.0.4896.88, chrome: {chromedriverVersion: 100.0.4896.60 (6a5d10861ce8..., userDataDir: C:\WINDOWS\TEMP\scoped_dir1...}, goog:chromeOptions: {debuggerAddress: localhost:53117}, javascriptEnabled: true, networkConnectionEnabled: false, pageLoadStrategy: normal, platform: WINDOWS, platformName: WINDOWS, proxy: Proxy(), se:cdp: ws://localhost:53117/devtoo..., se:cdpVersion: 100.0.4896.88, setWindowRect: true, strictFileInteractability: false, timeouts: {implicit: 0, pageLoad: 300000, script: 30000}, unhandledPromptBehavior: dismiss and notify, webauthn:extension:credBlob: true, webauthn:extension:largeBlob: true, webauthn:virtualAuthenticators: true}
Session ID: fa2d4c5e7c5d4ed1429f15a289371988
at java.base/jdk.internal.reflect.NativeConstructorAccessorImpl.newInstance0(Native Method)
at java.base/jdk.internal.reflect.NativeConstructorAccessorImpl.newInstance(NativeConstructorAccessorImpl.java:62)
at java.base/jdk.internal.reflect.DelegatingConstructorAccessorImpl.newInstance(DelegatingConstructorAccessorImpl.java:45)
at java.base/java.lang.reflect.Constructor.newInstance(Constructor.java:490)
at org.openqa.selenium.remote.codec.w3c.W3CHttpResponseCodec.createException(W3CHttpResponseCodec.java:200)
at org.openqa.selenium.remote.codec.w3c.W3CHttpResponseCodec.decode(W3CHttpResponseCodec.java:133)
at org.openqa.selenium.remote.codec.w3c.W3CHttpResponseCodec.decode(W3CHttpResponseCodec.java:53)
at org.openqa.selenium.remote.HttpCommandExecutor.execute(HttpCommandExecutor.java:184)
at org.openqa.selenium.remote.service.DriverCommandExecutor.invokeExecute(DriverCommandExecutor.java:167)
at org.openqa.selenium.remote.service.DriverCommandExecutor.execute(DriverCommandExecutor.java:142)
at org.openqa.selenium.remote.RemoteWebDriver.execute(RemoteWebDriver.java:558)
at org.openqa.selenium.remote.ElementLocation$ElementFinder$2.findElement(ElementLocation.java:162)
at org.openqa.selenium.remote.ElementLocation.findElement(ElementLocation.java:60)
at org.openqa.selenium.remote.RemoteWebDriver.findElement(RemoteWebDriver.java:382)
at org.openqa.selenium.remote.RemoteWebDriver.findElement(RemoteWebDriver.java:374)
at org.openqa.selenium.support.pagefactory.DefaultElementLocator.findElement(DefaultElementLocator.java:70)
at org.openqa.selenium.support.pagefactory.internal.LocatingElementHandler.invoke(LocatingElementHandler.java:39)
at com.sun.proxy.$Proxy30.isDisplayed(Unknown Source)
at pages.Makemytrip_launch_page.makemytrip_booking(Makemytrip_launch_page.java:109)
at makemytrip.Makemytrip_launch_test.SendINValidNumber_Test02(Makemytrip_launch_test.java:59)
at java.base/jdk.internal.reflect.NativeMethodAccessorImpl.invoke0(Native Method)
at java.base/jdk.internal.reflect.NativeMethodAccessorImpl.invoke(NativeMethodAccessorImpl.java:62)
at java.base/jdk.internal.reflect.DelegatingMethodAccessorImpl.invoke(DelegatingMethodAccessorImpl.java:43)
at java.base/java.lang.reflect.Method.invoke(Method.java:566)
at org.testng.internal.invokers.MethodInvocationHelper.invokeMethod(MethodInvocationHelper.java:135)
at org.testng.internal.invokers.TestInvoker.invokeMethod(TestInvoker.java:673)
at org.testng.internal.invokers.TestInvoker.invokeTestMethod(TestInvoker.java:220)
at org.testng.internal.invokers.MethodRunner.runInSequence(MethodRunner.java:50)
at org.testng.internal.invokers.TestInvoker$MethodInvocationAgent.invoke(TestInvoker.java:945)
at org.testng.internal.invokers.TestInvoker.invokeTestMethods(TestInvoker.java:193)
at org.testng.internal.invokers.TestMethodWorker.invokeTestMethods(TestMethodWorker.java:146)
at org.testng.internal.invokers.TestMethodWorker.run(TestMethodWorker.java:128)
at java.base/java.util.ArrayList.forEach(ArrayList.java:1541)
at org.testng.TestRunner.privateRun(TestRunner.java:808)
at org.testng.TestRunner.run(TestRunner.java:603)
at org.testng.SuiteRunner.runTest(SuiteRunner.java:429)
at org.testng.SuiteRunner.runSequentially(SuiteRunner.java:423)
at org.testng.SuiteRunner.privateRun(SuiteRunner.java:383)
at org.testng.SuiteRunner.run(SuiteRunner.java:326)
at org.testng.SuiteRunnerWorker.runSuite(SuiteRunnerWorker.java:52)
at org.testng.SuiteRunnerWorker.run(SuiteRunnerWorker.java:95)
at org.testng.TestNG.runSuitesSequentially(TestNG.java:1249)
at org.testng.TestNG.runSuitesLocally(TestNG.java:1169)
at org.testng.TestNG.runSuites(TestNG.java:1092)
at org.testng.TestNG.run(TestNG.java:1060)
at org.apache.maven.surefire.testng.TestNGExecutor.run(TestNGExecutor.java:281)
at org.apache.maven.surefire.testng.TestNGXmlTestSuite.execute(TestNGXmlTestSuite.java:75)
at org.apache.maven.surefire.testng.TestNGProvider.invoke(TestNGProvider.java:121)
at org.apache.maven.surefire.booter.ForkedBooter.invokeProviderInSameClassLoader(ForkedBooter.java:290)
at org.apache.maven.surefire.booter.ForkedBooter.runSuitesInProcess(ForkedBooter.java:242)
at org.apache.maven.surefire.booter.ForkedBooter.main(ForkedBooter.java:121)
]]>
            </full-stacktrace>
          </exception> <!-- org.openqa.selenium.WebDriverException -->
          <reporter-output>
            <line>
              <![CDATA[Testcase SendINValidNumber_Test02 started successfully]]>
            </line>
            <line>
              <![CDATA[Testcase SendINValidNumber_Test02 failed]]>
            </line>
          </reporter-output>
        </test-method> <!-- SendINValidNumber_Test02 -->
        <test-method is-config="true" signature="analysis(org.testng.ITestResult)[pri:0, instance:makemytrip.Makemytrip_launch_test@12dae582]" started-at="2022-04-14T22:32:57 IST" name="analysis" finished-at="2022-04-14T22:32:57 IST" duration-ms="380" status="PASS">
          <params>
            <param index="0">
              <value>
                <![CDATA[[TestResult name=SendINValidNumber_Test02 status=FAILURE method=Makemytrip_launch_test.SendINValidNumber_Test02()[pri:1, instance:makemytrip.Makemytrip_launch_test@12dae582] output=Testcase SendINValidNumber_Test02 started successfully]]]>
              </value>
            </param>
          </params>
          <reporter-output>
          </reporter-output>
        </test-method> <!-- analysis -->
        <test-method is-config="true" signature="Teardown()[pri:0, instance:makemytrip.Makemytrip_launch_test@12dae582]" started-at="2022-04-14T22:32:57 IST" name="Teardown" finished-at="2022-04-14T22:32:58 IST" duration-ms="893" status="PASS">
          <reporter-output>
          </reporter-output>
        </test-method> <!-- Teardown -->
      </class> <!-- makemytrip.Makemytrip_launch_test -->
    </test> <!-- Single_Test -->
  </suite> <!-- Testingbaba -->
</testng-results>
