-------------------------------------------------------------------------------
Test set: TestSuite
-------------------------------------------------------------------------------
Tests run: 3, Failures: 1, Errors: 0, Skipped: 0, Time elapsed: 65.843 sec <<< FAILURE! - in TestSuite
BookTrainTicket_Test01(makemytrip.Makemytrip_TrainBook_test)  Time elapsed: 10.235 sec  <<< FAILURE!
java.lang.IndexOutOfBoundsException: Index 21 out of bounds for length 21
	at makemytrip.Makemytrip_TrainBook_test.BookTrainTicket_Test01(Makemytrip_TrainBook_test.java:33)

